09:04:05.466 [main] INFO  testCases.TC_001_AccountRegistrationTest - Starting TC_AccountRegistration Test  *****
09:04:05.597 [main] INFO  testCases.TC_001_AccountRegistrationTest - Clicked on  Myaccount  menu
09:04:06.153 [main] INFO  testCases.TC_001_AccountRegistrationTest - Clicked on Register link
09:04:06.155 [main] INFO  testCases.TC_001_AccountRegistrationTest - providing customer data
09:04:09.084 [main] INFO  testCases.TC_001_AccountRegistrationTest - Clicked on Continue
09:04:09.118 [main] INFO  testCases.TC_001_AccountRegistrationTest - Validating expected message
09:04:09.122 [main] INFO  testCases.TC_001_AccountRegistrationTest -  *** Finsihed TC_001_AccountRegistration Test  ***
09:15:02.487 [main] DEBUG io.netty.util.internal.logging.InternalLoggerFactory - Using Log4J2 as the default logging framework
09:15:02.499 [main] DEBUG io.netty.util.ResourceLeakDetector - -Dio.netty.leakDetection.level: simple
09:15:02.499 [main] DEBUG io.netty.util.ResourceLeakDetector - -Dio.netty.leakDetection.targetRecords: 4
09:15:02.506 [main] DEBUG io.netty.util.ResourceLeakDetectorFactory - Loaded default ResourceLeakDetector: io.netty.util.ResourceLeakDetector@3276732
09:15:02.530 [main] DEBUG io.netty.util.internal.PlatformDependent0 - -Dio.netty.noUnsafe: false
09:15:02.530 [main] DEBUG io.netty.util.internal.PlatformDependent0 - Java version: 8
09:15:02.533 [main] DEBUG io.netty.util.internal.PlatformDependent0 - sun.misc.Unsafe.theUnsafe: available
09:15:02.534 [main] DEBUG io.netty.util.internal.PlatformDependent0 - sun.misc.Unsafe.copyMemory: available
09:15:02.534 [main] DEBUG io.netty.util.internal.PlatformDependent0 - sun.misc.Unsafe.storeFence: available
09:15:02.535 [main] DEBUG io.netty.util.internal.PlatformDependent0 - java.nio.Buffer.address: available
09:15:02.535 [main] DEBUG io.netty.util.internal.PlatformDependent0 - direct buffer constructor: available
09:15:02.536 [main] DEBUG io.netty.util.internal.PlatformDependent0 - java.nio.Bits.unaligned: available, true
09:15:02.536 [main] DEBUG io.netty.util.internal.PlatformDependent0 - jdk.internal.misc.Unsafe.allocateUninitializedArray(int): unavailable prior to Java9
09:15:02.536 [main] DEBUG io.netty.util.internal.PlatformDependent0 - java.nio.DirectByteBuffer.<init>(long, int): available
09:15:02.536 [main] DEBUG io.netty.util.internal.PlatformDependent - sun.misc.Unsafe: available
09:15:02.537 [main] DEBUG io.netty.util.internal.PlatformDependent - -Dio.netty.tmpdir: C:\Users\HP\AppData\Local\Temp (java.io.tmpdir)
09:15:02.537 [main] DEBUG io.netty.util.internal.PlatformDependent - -Dio.netty.bitMode: 64 (sun.arch.data.model)
09:15:02.537 [main] DEBUG io.netty.util.internal.PlatformDependent - Platform: Windows
09:15:02.538 [main] DEBUG io.netty.util.internal.PlatformDependent - -Dio.netty.maxDirectMemory: 1871708160 bytes
09:15:02.538 [main] DEBUG io.netty.util.internal.PlatformDependent - -Dio.netty.uninitializedArrayAllocationThreshold: -1
09:15:02.540 [main] DEBUG io.netty.util.internal.CleanerJava6 - java.nio.ByteBuffer.cleaner(): available
09:15:02.540 [main] DEBUG io.netty.util.internal.PlatformDependent - -Dio.netty.noPreferDirect: false
09:15:02.550 [main] DEBUG io.netty.util.internal.PlatformDependent - org.jctools-core.MpscChunkedArrayQueue: available
09:15:02.582 [main] DEBUG io.netty.util.internal.InternalThreadLocalMap - -Dio.netty.threadLocalMap.stringBuilder.initialSize: 1024
09:15:02.582 [main] DEBUG io.netty.util.internal.InternalThreadLocalMap - -Dio.netty.threadLocalMap.stringBuilder.maxSize: 4096
09:15:02.632 [main] DEBUG io.netty.handler.ssl.JdkSslContext - Default protocols (JDK): [TLSv1.2] 
09:15:02.633 [main] DEBUG io.netty.handler.ssl.JdkSslContext - Default cipher suites (JDK): [TLS_ECDHE_ECDSA_WITH_AES_256_GCM_SHA384, TLS_ECDHE_ECDSA_WITH_AES_128_GCM_SHA256, TLS_ECDHE_RSA_WITH_AES_128_GCM_SHA256, TLS_ECDHE_RSA_WITH_AES_256_GCM_SHA384, TLS_ECDHE_RSA_WITH_AES_128_CBC_SHA, TLS_ECDHE_RSA_WITH_AES_256_CBC_SHA, TLS_RSA_WITH_AES_128_GCM_SHA256, TLS_RSA_WITH_AES_128_CBC_SHA, TLS_RSA_WITH_AES_256_CBC_SHA, TLS_AES_128_GCM_SHA256, TLS_AES_256_GCM_SHA384]
09:15:02.674 [main] DEBUG io.netty.channel.MultithreadEventLoopGroup - -Dio.netty.eventLoopThreads: 16
09:15:02.687 [main] DEBUG io.netty.channel.nio.NioEventLoop - -Dio.netty.noKeySetOptimization: false
09:15:02.687 [main] DEBUG io.netty.channel.nio.NioEventLoop - -Dio.netty.selectorAutoRebuildThreshold: 512
09:15:02.747 [main] DEBUG io.netty.buffer.PooledByteBufAllocator - -Dio.netty.allocator.numHeapArenas: 16
09:15:02.748 [main] DEBUG io.netty.buffer.PooledByteBufAllocator - -Dio.netty.allocator.numDirectArenas: 16
09:15:02.748 [main] DEBUG io.netty.buffer.PooledByteBufAllocator - -Dio.netty.allocator.pageSize: 8192
09:15:02.748 [main] DEBUG io.netty.buffer.PooledByteBufAllocator - -Dio.netty.allocator.maxOrder: 9
09:15:02.748 [main] DEBUG io.netty.buffer.PooledByteBufAllocator - -Dio.netty.allocator.chunkSize: 4194304
09:15:02.748 [main] DEBUG io.netty.buffer.PooledByteBufAllocator - -Dio.netty.allocator.smallCacheSize: 256
09:15:02.748 [main] DEBUG io.netty.buffer.PooledByteBufAllocator - -Dio.netty.allocator.normalCacheSize: 64
09:15:02.748 [main] DEBUG io.netty.buffer.PooledByteBufAllocator - -Dio.netty.allocator.maxCachedBufferCapacity: 32768
09:15:02.748 [main] DEBUG io.netty.buffer.PooledByteBufAllocator - -Dio.netty.allocator.cacheTrimInterval: 8192
09:15:02.748 [main] DEBUG io.netty.buffer.PooledByteBufAllocator - -Dio.netty.allocator.cacheTrimIntervalMillis: 0
09:15:02.748 [main] DEBUG io.netty.buffer.PooledByteBufAllocator - -Dio.netty.allocator.useCacheForAllThreads: false
09:15:02.748 [main] DEBUG io.netty.buffer.PooledByteBufAllocator - -Dio.netty.allocator.maxCachedByteBuffersPerChunk: 1023
09:15:02.762 [main] DEBUG io.netty.buffer.ByteBufUtil - -Dio.netty.allocator.type: pooled
09:15:02.762 [main] DEBUG io.netty.buffer.ByteBufUtil - -Dio.netty.threadLocalDirectBufferSize: 0
09:15:02.762 [main] DEBUG io.netty.buffer.ByteBufUtil - -Dio.netty.maxThreadLocalCharBufferSize: 16384
09:15:03.587 [Forwarding newSession on session null to remote] DEBUG io.netty.channel.DefaultChannelId - -Dio.netty.processId: 10476 (auto-detected)
09:15:03.589 [Forwarding newSession on session null to remote] DEBUG io.netty.util.NetUtil - -Djava.net.preferIPv4Stack: false
09:15:03.589 [Forwarding newSession on session null to remote] DEBUG io.netty.util.NetUtil - -Djava.net.preferIPv6Addresses: false
09:15:03.736 [Forwarding newSession on session null to remote] DEBUG io.netty.util.NetUtilInitializations - Loopback interface: lo (Software Loopback Interface 1, 127.0.0.1)
09:15:03.737 [Forwarding newSession on session null to remote] DEBUG io.netty.util.NetUtil - Failed to get SOMAXCONN from sysctl and file \proc\sys\net\core\somaxconn. Default: 200
09:15:03.911 [Forwarding newSession on session null to remote] DEBUG io.netty.channel.DefaultChannelId - -Dio.netty.machineId: 70:66:55:ff:fe:d7:67:a5 (auto-detected)
09:15:03.970 [AsyncHttpClient-1-2] DEBUG io.netty.buffer.AbstractByteBuf - -Dio.netty.buffer.checkAccessible: true
09:15:03.971 [AsyncHttpClient-1-2] DEBUG io.netty.buffer.AbstractByteBuf - -Dio.netty.buffer.checkBounds: true
09:15:03.971 [AsyncHttpClient-1-2] DEBUG io.netty.util.ResourceLeakDetectorFactory - Loaded default ResourceLeakDetector: io.netty.util.ResourceLeakDetector@3ae9bda6
09:15:03.997 [AsyncHttpClient-1-2] DEBUG io.netty.util.Recycler - -Dio.netty.recycler.maxCapacityPerThread: 4096
09:15:03.997 [AsyncHttpClient-1-2] DEBUG io.netty.util.Recycler - -Dio.netty.recycler.ratio: 8
09:15:03.997 [AsyncHttpClient-1-2] DEBUG io.netty.util.Recycler - -Dio.netty.recycler.chunkSize: 32
09:15:03.997 [AsyncHttpClient-1-2] DEBUG io.netty.util.Recycler - -Dio.netty.recycler.blocking: false
09:15:04.636 [AsyncHttpClient-1-2] DEBUG io.netty.handler.codec.compression.Brotli - brotli4j not in the classpath; Brotli support will be unavailable.
09:15:04.774 [main] DEBUG io.netty.util.internal.ThreadLocalRandom - -Dio.netty.initialSeedUniquifier: 0x1953530d18b2ad78
09:15:05.625 [main] INFO  testCases.TC_001_AccountRegistrationTest - Starting TC_AccountRegistration Test  *****
09:15:05.697 [main] INFO  testCases.TC_001_AccountRegistrationTest - Clicked on  Myaccount  menu
09:15:06.067 [main] INFO  testCases.TC_001_AccountRegistrationTest - Clicked on Register link
09:15:06.070 [main] INFO  testCases.TC_001_AccountRegistrationTest - providing customer data
09:15:08.904 [main] INFO  testCases.TC_001_AccountRegistrationTest - Clicked on Continue
09:15:08.934 [main] INFO  testCases.TC_001_AccountRegistrationTest - Validating expected message
09:15:08.935 [main] INFO  testCases.TC_001_AccountRegistrationTest -  *** Finsihed TC_001_AccountRegistration Test  ***
19:52:07.585 [main] INFO  testCases.TC_001_AccountRegistrationTest - Starting TC_AccountRegistration Test  *****
19:52:07.723 [main] INFO  testCases.TC_001_AccountRegistrationTest - Clicked on  Myaccount  menu
19:52:08.403 [main] INFO  testCases.TC_001_AccountRegistrationTest - Clicked on Register link
19:52:08.405 [main] INFO  testCases.TC_001_AccountRegistrationTest - providing customer data
19:52:11.630 [main] INFO  testCases.TC_001_AccountRegistrationTest - Clicked on Continue
19:52:11.665 [main] INFO  testCases.TC_001_AccountRegistrationTest - Validating expected message
19:52:11.668 [main] INFO  testCases.TC_001_AccountRegistrationTest -  *** Finsihed TC_001_AccountRegistration Test  ***
20:02:33.914 [main] INFO  testCases.TC_001_AccountRegistrationTest - Starting TC_AccountRegistration Test  *****
20:02:33.984 [main] INFO  testCases.TC_001_AccountRegistrationTest - Clicked on  Myaccount  menu
20:02:34.334 [main] INFO  testCases.TC_001_AccountRegistrationTest - Clicked on Register link
20:02:34.336 [main] INFO  testCases.TC_001_AccountRegistrationTest - providing customer data
20:02:37.256 [main] INFO  testCases.TC_001_AccountRegistrationTest - Clicked on Continue
20:02:37.289 [main] INFO  testCases.TC_001_AccountRegistrationTest - Validating expected message
20:02:37.291 [main] INFO  testCases.TC_001_AccountRegistrationTest -  *** Finsihed TC_001_AccountRegistration Test  ***
20:04:05.696 [main] INFO  testCases.TC_001_AccountRegistrationTest - Starting TC_AccountRegistration Test  *****
20:04:05.760 [main] INFO  testCases.TC_001_AccountRegistrationTest - Clicked on  Myaccount  menu
20:04:06.064 [main] INFO  testCases.TC_001_AccountRegistrationTest - Clicked on Register link
20:04:06.066 [main] INFO  testCases.TC_001_AccountRegistrationTest - providing customer data
20:04:08.837 [main] INFO  testCases.TC_001_AccountRegistrationTest - Clicked on Continue
20:04:08.869 [main] INFO  testCases.TC_001_AccountRegistrationTest - Validating expected message
20:04:08.872 [main] INFO  testCases.TC_001_AccountRegistrationTest -  *** Finsihed TC_001_AccountRegistration Test  ***
20:13:12.541 [TestNG-tests-1] INFO  testCases.TC_001_AccountRegistrationTest - Starting TC_AccountRegistration Test  *****
20:13:12.541 [TestNG-tests-2] INFO  testCases.TC_001_AccountRegistrationTest - Starting TC_AccountRegistration Test  *****
20:13:12.701 [TestNG-tests-1] INFO  testCases.TC_001_AccountRegistrationTest - Clicked on  Myaccount  menu
20:13:12.723 [TestNG-tests-2] INFO  testCases.TC_001_AccountRegistrationTest - Clicked on  Myaccount  menu
20:13:22.866 [TestNG-tests-1] ERROR testCases.TC_001_AccountRegistrationTest - test failed
20:13:32.889 [TestNG-tests-2] ERROR testCases.TC_001_AccountRegistrationTest - test failed
20:14:07.677 [TestNG-tests-1] INFO  testCases.TC_001_AccountRegistrationTest - Starting TC_AccountRegistration Test  *****
20:14:07.677 [TestNG-tests-2] INFO  testCases.TC_001_AccountRegistrationTest - Starting TC_AccountRegistration Test  *****
20:14:07.774 [TestNG-tests-1] INFO  testCases.TC_001_AccountRegistrationTest - Clicked on  Myaccount  menu
20:14:07.793 [TestNG-tests-2] INFO  testCases.TC_001_AccountRegistrationTest - Clicked on  Myaccount  menu
20:14:17.852 [TestNG-tests-1] ERROR testCases.TC_001_AccountRegistrationTest - test failed
20:14:27.877 [TestNG-tests-2] ERROR testCases.TC_001_AccountRegistrationTest - test failed
20:17:06.235 [TestNG-tests-1] INFO  testCases.TC_001_AccountRegistrationTest - Starting TC_AccountRegistration Test  *****
20:17:06.235 [TestNG-tests-2] INFO  testCases.TC_001_AccountRegistrationTest - Starting TC_AccountRegistration Test  *****
20:17:06.318 [TestNG-tests-2] INFO  testCases.TC_001_AccountRegistrationTest - Clicked on  Myaccount  menu
20:17:06.341 [TestNG-tests-1] INFO  testCases.TC_001_AccountRegistrationTest - Clicked on  Myaccount  menu
20:17:16.444 [TestNG-tests-2] ERROR testCases.TC_001_AccountRegistrationTest - test failed
20:17:26.476 [TestNG-tests-1] ERROR testCases.TC_001_AccountRegistrationTest - test failed
20:18:31.683 [main] INFO  testCases.TC_001_AccountRegistrationTest - Starting TC_AccountRegistration Test  *****
20:18:31.801 [main] INFO  testCases.TC_001_AccountRegistrationTest - Clicked on  Myaccount  menu
20:18:32.076 [main] INFO  testCases.TC_001_AccountRegistrationTest - Clicked on Register link
20:18:32.079 [main] INFO  testCases.TC_001_AccountRegistrationTest - providing customer data
20:18:34.849 [main] INFO  testCases.TC_001_AccountRegistrationTest - Clicked on Continue
20:18:34.883 [main] INFO  testCases.TC_001_AccountRegistrationTest - Validating expected message
20:18:34.886 [main] INFO  testCases.TC_001_AccountRegistrationTest -  *** Finsihed TC_001_AccountRegistration Test  ***
20:58:23.776 [main] INFO  testCases.TC_001_AccountRegistrationTest - Starting TC_AccountRegistration Test  *****
20:58:23.852 [main] INFO  testCases.TC_001_AccountRegistrationTest - Clicked on  Myaccount  menu
20:58:24.228 [main] INFO  testCases.TC_001_AccountRegistrationTest - Clicked on Register link
20:58:24.230 [main] INFO  testCases.TC_001_AccountRegistrationTest - providing customer data
20:58:26.995 [main] INFO  testCases.TC_001_AccountRegistrationTest - Clicked on Continue
20:58:27.036 [main] INFO  testCases.TC_001_AccountRegistrationTest - Validating expected message
20:58:27.038 [main] INFO  testCases.TC_001_AccountRegistrationTest -  *** Finsihed TC_001_AccountRegistration Test  ***
21:01:31.536 [main] INFO  testCases.TC_001_AccountRegistrationTest - Starting TC_AccountRegistration Test  *****
21:01:31.610 [main] INFO  testCases.TC_001_AccountRegistrationTest - Clicked on  Myaccount  menu
21:01:32.000 [main] INFO  testCases.TC_001_AccountRegistrationTest - Clicked on Register link
21:01:32.003 [main] INFO  testCases.TC_001_AccountRegistrationTest - providing customer data
21:01:34.935 [main] INFO  testCases.TC_001_AccountRegistrationTest - Clicked on Continue
21:01:34.967 [main] INFO  testCases.TC_001_AccountRegistrationTest - Validating expected message
21:01:34.969 [main] INFO  testCases.TC_001_AccountRegistrationTest -  *** Finsihed TC_001_AccountRegistration Test  ***
21:17:46.819 [main] INFO  testCases.TC_001_AccountRegistrationTest - Starting TC_AccountRegistration Test  *****
21:17:46.892 [main] INFO  testCases.TC_001_AccountRegistrationTest - Clicked on  Myaccount  menu
21:17:47.269 [main] INFO  testCases.TC_001_AccountRegistrationTest - Clicked on Register link
21:17:47.271 [main] INFO  testCases.TC_001_AccountRegistrationTest - providing customer data
21:17:50.193 [main] INFO  testCases.TC_001_AccountRegistrationTest - Clicked on Continue
21:17:50.227 [main] INFO  testCases.TC_001_AccountRegistrationTest - Validating expected message
21:17:50.229 [main] INFO  testCases.TC_001_AccountRegistrationTest -  *** Finsihed TC_001_AccountRegistration Test  ***
23:39:41.427 [main] INFO  testCases.TC_001_AccountRegistrationTest - Starting TC_AccountRegistration Test  *****
23:39:41.497 [main] INFO  testCases.TC_001_AccountRegistrationTest - Clicked on  Myaccount  menu
23:39:42.110 [main] INFO  testCases.TC_001_AccountRegistrationTest - Clicked on Register link
23:39:42.112 [main] INFO  testCases.TC_001_AccountRegistrationTest - providing customer data
23:39:45.067 [main] INFO  testCases.TC_001_AccountRegistrationTest - Clicked on Continue
23:39:45.099 [main] INFO  testCases.TC_001_AccountRegistrationTest - Validating expected message
23:39:45.102 [main] INFO  testCases.TC_001_AccountRegistrationTest -  *** Finsihed TC_001_AccountRegistration Test  ***
23:42:10.184 [main] INFO  testCases.TC_001_AccountRegistrationTest - Starting TC_AccountRegistration Test  *****
23:42:10.257 [main] INFO  testCases.TC_001_AccountRegistrationTest - Clicked on  Myaccount  menu
23:42:10.660 [main] INFO  testCases.TC_001_AccountRegistrationTest - Clicked on Register link
23:42:10.662 [main] INFO  testCases.TC_001_AccountRegistrationTest - providing customer data
23:42:11.413 [main] INFO  testCases.TC_001_AccountRegistrationTest - Clicked on Continue
23:42:21.449 [main] INFO  testCases.TC_001_AccountRegistrationTest - Validating expected message
23:43:54.358 [main] INFO  testCases.TC_001_AccountRegistrationTest - Starting TC_AccountRegistration Test  *****
23:43:54.424 [main] INFO  testCases.TC_001_AccountRegistrationTest - Clicked on  Myaccount  menu
23:43:54.843 [main] INFO  testCases.TC_001_AccountRegistrationTest - Clicked on Register link
23:43:54.845 [main] INFO  testCases.TC_001_AccountRegistrationTest - providing customer data
23:43:57.773 [main] INFO  testCases.TC_001_AccountRegistrationTest - Clicked on Continue
23:43:57.803 [main] INFO  testCases.TC_001_AccountRegistrationTest - Validating expected message
23:43:57.805 [main] INFO  testCases.TC_001_AccountRegistrationTest -  *** Finsihed TC_001_AccountRegistration Test  ***
23:49:30.442 [main] INFO  testCases.TC_001_AccountRegistrationTest - Starting TC_AccountRegistration Test  *****
23:49:30.510 [main] INFO  testCases.TC_001_AccountRegistrationTest - Clicked on  Myaccount  menu
23:49:30.876 [main] INFO  testCases.TC_001_AccountRegistrationTest - Clicked on Register link
23:49:30.878 [main] INFO  testCases.TC_001_AccountRegistrationTest - providing customer data
23:49:33.673 [main] INFO  testCases.TC_001_AccountRegistrationTest - Clicked on Continue
23:49:33.703 [main] INFO  testCases.TC_001_AccountRegistrationTest - Validating expected message
23:49:33.705 [main] INFO  testCases.TC_001_AccountRegistrationTest -  *** Finsihed TC_001_AccountRegistration Test  ***
23:49:36.432 [main] INFO  testCases.TC_002_LoginTest - Starting TC_002_LoginTest ******
23:49:36.477 [main] INFO  testCases.TC_002_LoginTest - Clicked on My Account 
23:49:36.814 [main] INFO  testCases.TC_002_LoginTest - Clicked on Login Link 
23:49:36.816 [main] INFO  testCases.TC_002_LoginTest - Providing loging details
23:49:37.330 [main] INFO  testCases.TC_002_LoginTest - Clicked on Login button
23:49:37.370 [main] INFO  testCases.TC_002_LoginTest -  ******* Finshed  TC_0002_LoginTest
10:29:59.270 [main] INFO  testCases.TC_001_AccountRegistrationTest - Starting TC_AccountRegistration Test  *****
10:29:59.355 [main] INFO  testCases.TC_001_AccountRegistrationTest - Clicked on  Myaccount  menu
10:30:00.042 [main] INFO  testCases.TC_001_AccountRegistrationTest - Clicked on Register link
10:30:00.044 [main] INFO  testCases.TC_001_AccountRegistrationTest - providing customer data
10:30:03.200 [main] INFO  testCases.TC_001_AccountRegistrationTest - Clicked on Continue
10:30:03.237 [main] INFO  testCases.TC_001_AccountRegistrationTest - Validating expected message
10:30:03.239 [main] INFO  testCases.TC_001_AccountRegistrationTest -  *** Finsihed TC_001_AccountRegistration Test  ***
10:30:06.255 [main] INFO  testCases.TC_002_LoginTest - Starting TC_002_LoginTest ******
10:30:06.305 [main] INFO  testCases.TC_002_LoginTest - Clicked on My Account 
10:30:06.572 [main] INFO  testCases.TC_002_LoginTest - Clicked on Login Link 
10:30:06.574 [main] INFO  testCases.TC_002_LoginTest - Providing loging details
10:30:07.082 [main] INFO  testCases.TC_002_LoginTest - Clicked on Login button
10:30:07.132 [main] INFO  testCases.TC_002_LoginTest -  ******* Finshed  TC_0002_LoginTest
11:10:24.008 [main] INFO  testCases.TC_002_LoginTest - Starting TC_002_LoginTest ******
11:10:24.098 [main] INFO  testCases.TC_002_LoginTest - Clicked on My Account 
11:10:24.763 [main] INFO  testCases.TC_002_LoginTest - Clicked on Login Link 
11:10:24.765 [main] INFO  testCases.TC_002_LoginTest - Providing loging details
11:10:25.663 [main] INFO  testCases.TC_002_LoginTest - Clicked on Login button
11:10:25.724 [main] INFO  testCases.TC_002_LoginTest -  ******* Finshed  TC_0002_LoginTest
13:35:53.176 [main] INFO  testCases.TC_001_AccountRegistrationTest - Starting TC_AccountRegistration Test  *****
13:35:53.372 [main] INFO  testCases.TC_001_AccountRegistrationTest - Clicked on  Myaccount  menu
13:35:54.211 [main] INFO  testCases.TC_001_AccountRegistrationTest - Clicked on Register link
13:35:54.217 [main] INFO  testCases.TC_001_AccountRegistrationTest - providing customer data
13:35:57.545 [main] INFO  testCases.TC_001_AccountRegistrationTest - Clicked on Continue
13:35:57.580 [main] INFO  testCases.TC_001_AccountRegistrationTest - Validating expected message
13:35:57.584 [main] INFO  testCases.TC_001_AccountRegistrationTest -  *** Finsihed TC_001_AccountRegistration Test  ***
13:36:00.896 [main] INFO  testCases.TC_002_LoginTest - Starting TC_002_LoginTest ******
13:36:01.037 [main] INFO  testCases.TC_002_LoginTest - Clicked on My Account 
13:36:01.614 [main] INFO  testCases.TC_002_LoginTest - Clicked on Login Link 
13:36:01.619 [main] INFO  testCases.TC_002_LoginTest - Providing loging details
13:36:02.558 [main] INFO  testCases.TC_002_LoginTest - Clicked on Login button
13:36:02.616 [main] INFO  testCases.TC_002_LoginTest -  ******* Finshed  TC_0002_LoginTest
13:36:08.604 [main] INFO  testCases.TC_003_LoginDDT - *** Starting TC_003_LoginDDT ******
13:36:10.896 [main] INFO  testCases.TC_003_LoginDDT - *** Finished  TC_003_LoginDDT ******
13:36:10.902 [main] INFO  testCases.TC_003_LoginDDT - *** Starting TC_003_LoginDDT ******
13:36:21.947 [main] INFO  testCases.TC_003_LoginDDT - *** Finished  TC_003_LoginDDT ******
13:36:21.950 [main] INFO  testCases.TC_003_LoginDDT - *** Starting TC_003_LoginDDT ******
13:36:33.115 [main] INFO  testCases.TC_003_LoginDDT - *** Finished  TC_003_LoginDDT ******
13:36:33.118 [main] INFO  testCases.TC_003_LoginDDT - *** Starting TC_003_LoginDDT ******
13:36:43.866 [main] INFO  testCases.TC_003_LoginDDT - *** Finished  TC_003_LoginDDT ******
13:36:43.868 [main] INFO  testCases.TC_003_LoginDDT - *** Starting TC_003_LoginDDT ******
13:39:28.015 [main] INFO  testCases.TC_003_LoginDDT - *** Starting TC_003_LoginDDT ******
13:42:18.028 [main] INFO  testCases.TC_003_LoginDDT - *** Starting TC_003_LoginDDT ******
13:45:27.289 [main] INFO  testCases.TC_003_LoginDDT - *** Starting TC_003_LoginDDT ******
13:46:50.082 [main] INFO  testCases.TC_003_LoginDDT - *** Starting TC_003_LoginDDT ******
13:48:13.130 [main] INFO  testCases.TC_001_AccountRegistrationTest - Starting TC_AccountRegistration Test  *****
13:48:13.212 [main] INFO  testCases.TC_001_AccountRegistrationTest - Clicked on  Myaccount  menu
13:48:13.648 [main] INFO  testCases.TC_001_AccountRegistrationTest - Clicked on Register link
13:48:13.651 [main] INFO  testCases.TC_001_AccountRegistrationTest - providing customer data
13:48:16.587 [main] INFO  testCases.TC_001_AccountRegistrationTest - Clicked on Continue
13:48:16.621 [main] INFO  testCases.TC_001_AccountRegistrationTest - Validating expected message
13:48:16.623 [main] INFO  testCases.TC_001_AccountRegistrationTest -  *** Finsihed TC_001_AccountRegistration Test  ***
13:48:19.292 [main] INFO  testCases.TC_002_LoginTest - Starting TC_002_LoginTest ******
13:48:19.398 [main] INFO  testCases.TC_002_LoginTest - Clicked on My Account 
13:48:19.689 [main] INFO  testCases.TC_002_LoginTest - Clicked on Login Link 
13:48:19.692 [main] INFO  testCases.TC_002_LoginTest - Providing loging details
13:48:20.192 [main] INFO  testCases.TC_002_LoginTest - Clicked on Login button
13:48:20.234 [main] INFO  testCases.TC_002_LoginTest -  ******* Finshed  TC_0002_LoginTest
19:04:20.883 [main] INFO  testCases.TC_001_AccountRegistrationTest - Starting TC_AccountRegistration Test  *****
19:04:20.972 [main] INFO  testCases.TC_001_AccountRegistrationTest - Clicked on  Myaccount  menu
19:04:21.652 [main] INFO  testCases.TC_001_AccountRegistrationTest - Clicked on Register link
19:04:21.656 [main] INFO  testCases.TC_001_AccountRegistrationTest - providing customer data
19:04:24.825 [main] INFO  testCases.TC_001_AccountRegistrationTest - Clicked on Continue
19:04:24.855 [main] INFO  testCases.TC_001_AccountRegistrationTest - Validating expected message
19:04:24.857 [main] INFO  testCases.TC_001_AccountRegistrationTest -  *** Finsihed TC_001_AccountRegistration Test  ***
19:04:27.893 [main] INFO  testCases.TC_002_LoginTest - Starting TC_002_LoginTest ******
19:04:27.937 [main] INFO  testCases.TC_002_LoginTest - Clicked on My Account 
19:04:28.296 [main] INFO  testCases.TC_002_LoginTest - Clicked on Login Link 
19:04:28.298 [main] INFO  testCases.TC_002_LoginTest - Providing loging details
19:04:28.888 [main] INFO  testCases.TC_002_LoginTest - Clicked on Login button
19:04:28.932 [main] INFO  testCases.TC_002_LoginTest -  ******* Finshed  TC_0002_LoginTest
19:06:19.043 [main] INFO  testCases.TC_001_AccountRegistrationTest - Starting TC_AccountRegistration Test  *****
19:06:19.112 [main] INFO  testCases.TC_001_AccountRegistrationTest - Clicked on  Myaccount  menu
19:06:19.487 [main] INFO  testCases.TC_001_AccountRegistrationTest - Clicked on Register link
19:06:19.488 [main] INFO  testCases.TC_001_AccountRegistrationTest - providing customer data
19:06:22.392 [main] INFO  testCases.TC_001_AccountRegistrationTest - Clicked on Continue
19:06:22.422 [main] INFO  testCases.TC_001_AccountRegistrationTest - Validating expected message
19:06:22.424 [main] INFO  testCases.TC_001_AccountRegistrationTest -  *** Finsihed TC_001_AccountRegistration Test  ***
19:06:25.136 [main] INFO  testCases.TC_002_LoginTest - Starting TC_002_LoginTest ******
19:06:25.183 [main] INFO  testCases.TC_002_LoginTest - Clicked on My Account 
19:06:25.472 [main] INFO  testCases.TC_002_LoginTest - Clicked on Login Link 
19:06:25.474 [main] INFO  testCases.TC_002_LoginTest - Providing loging details
19:06:25.928 [main] INFO  testCases.TC_002_LoginTest - Clicked on Login button
19:06:25.966 [main] INFO  testCases.TC_002_LoginTest -  ******* Finshed  TC_0002_LoginTest
19:10:17.065 [main] INFO  testCases.TC_001_AccountRegistrationTest - Starting TC_AccountRegistration Test  *****
19:10:17.136 [main] INFO  testCases.TC_001_AccountRegistrationTest - Clicked on  Myaccount  menu
19:10:17.523 [main] INFO  testCases.TC_001_AccountRegistrationTest - Clicked on Register link
19:10:17.525 [main] INFO  testCases.TC_001_AccountRegistrationTest - providing customer data
19:10:20.392 [main] INFO  testCases.TC_001_AccountRegistrationTest - Clicked on Continue
19:10:20.469 [main] INFO  testCases.TC_001_AccountRegistrationTest - Validating expected message
19:10:20.471 [main] INFO  testCases.TC_001_AccountRegistrationTest -  *** Finsihed TC_001_AccountRegistration Test  ***
19:10:23.200 [main] INFO  testCases.TC_002_LoginTest - Starting TC_002_LoginTest ******
19:10:23.250 [main] INFO  testCases.TC_002_LoginTest - Clicked on My Account 
19:10:23.557 [main] INFO  testCases.TC_002_LoginTest - Clicked on Login Link 
19:10:23.559 [main] INFO  testCases.TC_002_LoginTest - Providing loging details
19:10:24.059 [main] INFO  testCases.TC_002_LoginTest - Clicked on Login button
19:10:24.099 [main] INFO  testCases.TC_002_LoginTest -  ******* Finshed  TC_0002_LoginTest
19:14:27.648 [main] INFO  testCases.TC_001_AccountRegistrationTest - Starting TC_AccountRegistration Test  *****
19:14:27.720 [main] INFO  testCases.TC_001_AccountRegistrationTest - Clicked on  Myaccount  menu
19:14:28.107 [main] INFO  testCases.TC_001_AccountRegistrationTest - Clicked on Register link
19:14:28.109 [main] INFO  testCases.TC_001_AccountRegistrationTest - providing customer data
19:14:30.838 [main] INFO  testCases.TC_001_AccountRegistrationTest - Clicked on Continue
19:14:30.866 [main] INFO  testCases.TC_001_AccountRegistrationTest - Validating expected message
19:14:30.868 [main] INFO  testCases.TC_001_AccountRegistrationTest -  *** Finsihed TC_001_AccountRegistration Test  ***
19:14:33.700 [main] INFO  testCases.TC_002_LoginTest - Starting TC_002_LoginTest ******
19:14:33.752 [main] INFO  testCases.TC_002_LoginTest - Clicked on My Account 
19:14:34.011 [main] INFO  testCases.TC_002_LoginTest - Clicked on Login Link 
19:14:34.012 [main] INFO  testCases.TC_002_LoginTest - Providing loging details
19:14:34.579 [main] INFO  testCases.TC_002_LoginTest - Clicked on Login button
19:14:34.623 [main] INFO  testCases.TC_002_LoginTest -  ******* Finshed  TC_0002_LoginTest
19:23:06.088 [main] INFO  testCases.TC_001_AccountRegistrationTest - Starting TC_AccountRegistration Test  *****
19:23:06.178 [main] INFO  testCases.TC_001_AccountRegistrationTest - Clicked on  Myaccount  menu
19:23:06.556 [main] INFO  testCases.TC_001_AccountRegistrationTest - Clicked on Register link
19:23:06.558 [main] INFO  testCases.TC_001_AccountRegistrationTest - providing customer data
19:23:09.370 [main] INFO  testCases.TC_001_AccountRegistrationTest - Clicked on Continue
19:23:09.399 [main] INFO  testCases.TC_001_AccountRegistrationTest - Validating expected message
19:23:09.401 [main] INFO  testCases.TC_001_AccountRegistrationTest -  *** Finsihed TC_001_AccountRegistration Test  ***
19:23:12.219 [main] INFO  testCases.TC_002_LoginTest - Starting TC_002_LoginTest ******
19:23:12.321 [main] INFO  testCases.TC_002_LoginTest - Clicked on My Account 
19:23:12.588 [main] INFO  testCases.TC_002_LoginTest - Clicked on Login Link 
19:23:12.589 [main] INFO  testCases.TC_002_LoginTest - Providing loging details
19:23:12.989 [main] INFO  testCases.TC_002_LoginTest - Clicked on Login button
19:23:13.029 [main] INFO  testCases.TC_002_LoginTest -  ******* Finshed  TC_0002_LoginTest
